1479297289077	geckodriver	INFO	Listening on 127.0.0.1:41593
1479297289077	geckodriver	INFO	Listening on 127.0.0.1:47980
1479297289077	geckodriver	INFO	Listening on 127.0.0.1:34513
1479297289110	geckodriver	INFO	Listening on 127.0.0.1:33938
1479297290053	mozprofile::profile	INFO	Using profile path /tmp/rust_mozprofile.niL12dz2No3t
1479297290054	geckodriver::marionette	INFO	Starting browser /usr/bin/firefox
1479297290058	geckodriver::marionette	INFO	Connecting to Marionette on localhost:33972
1479297290072	mozprofile::profile	INFO	Using profile path /tmp/rust_mozprofile.PLEsKChcWiRS
1479297290073	geckodriver::marionette	INFO	Starting browser /usr/bin/firefox
1479297290075	mozprofile::profile	INFO	Using profile path /tmp/rust_mozprofile.C0Fs7MdC1Q8F
1479297290077	geckodriver::marionette	INFO	Starting browser /usr/bin/firefox
1479297290081	geckodriver::marionette	INFO	Connecting to Marionette on localhost:37678
1479297290078	geckodriver::marionette	INFO	Connecting to Marionette on localhost:35455
1479297290109	mozprofile::profile	INFO	Using profile path /tmp/rust_mozprofile.RWr9k1uXY4LY
1479297290110	geckodriver::marionette	INFO	Starting browser /usr/bin/firefox
1479297290112	geckodriver::marionette	INFO	Connecting to Marionette on localhost:38973

(firefox:22612): GConf-WARNING **: Client failed to connect to the D-BUS daemon:
Failed to connect to socket /tmp/dbus-hE3CCrTXE0: Connection refused

(firefox:22623): GConf-WARNING **: Client failed to connect to the D-BUS daemon:
Failed to connect to socket /tmp/dbus-hE3CCrTXE0: Connection refused
1479297290594	Marionette	INFO	Listening on port 37678
1479297290616	Marionette	INFO	Listening on port 38973

(firefox:22612): dconf-CRITICAL **: unable to create file '/home/michal/.cache/dconf/user': Permission denied.  dconf will not work properly.

(firefox:22612): dconf-CRITICAL **: unable to create file '/home/michal/.cache/dconf/user': Permission denied.  dconf will not work properly.

(firefox:22612): dconf-CRITICAL **: unable to create file '/home/michal/.cache/dconf/user': Permission denied.  dconf will not work properly.

(firefox:22612): dconf-CRITICAL **: unable to create file '/home/michal/.cache/dconf/user': Permission denied.  dconf will not work properly.

(firefox:22612): dconf-CRITICAL **: unable to create file '/home/michal/.cache/dconf/user': Permission denied.  dconf will not work properly.

(firefox:22623): dconf-CRITICAL **: unable to create file '/home/michal/.cache/dconf/user': Permission denied.  dconf will not work properly.

(firefox:22623): dconf-CRITICAL **: unable to create file '/home/michal/.cache/dconf/user': Permission denied.  dconf will not work properly.

(firefox:22623): dconf-CRITICAL **: unable to create file '/home/michal/.cache/dconf/user': Permission denied.  dconf will not work properly.

(firefox:22623): dconf-CRITICAL **: unable to create file '/home/michal/.cache/dconf/user': Permission denied.  dconf will not work properly.

(firefox:22623): dconf-CRITICAL **: unable to create file '/home/michal/.cache/dconf/user': Permission denied.  dconf will not work properly.

(firefox:22623): dconf-CRITICAL **: unable to create file '/home/michal/.cache/dconf/user': Permission denied.  dconf will not work properly.

(firefox:22623): dconf-CRITICAL **: unable to create file '/home/michal/.cache/dconf/user': Permission denied.  dconf will not work properly.

(firefox:22612): dconf-CRITICAL **: unable to create file '/home/michal/.cache/dconf/user': Permission denied.  dconf will not work properly.

(firefox:22612): dconf-CRITICAL **: unable to create file '/home/michal/.cache/dconf/user': Permission denied.  dconf will not work properly.

(firefox:22612): dconf-CRITICAL **: unable to create file '/home/michal/.cache/dconf/user': Permission denied.  dconf will not work properly.

(firefox:22612): dconf-CRITICAL **: unable to create file '/home/michal/.cache/dconf/user': Permission denied.  dconf will not work properly.

(firefox:22623): GConf-WARNING **: Client failed to connect to the D-BUS daemon:
Failed to connect to socket /tmp/dbus-hE3CCrTXE0: Connection refused

(firefox:22623): dconf-CRITICAL **: unable to create file '/home/michal/.cache/dconf/user': Permission denied.  dconf will not work properly.

(firefox:22623): dconf-CRITICAL **: unable to create file '/home/michal/.cache/dconf/user': Permission denied.  dconf will not work properly.

(firefox:22612): GConf-WARNING **: Client failed to connect to the D-BUS daemon:
Failed to connect to socket /tmp/dbus-hE3CCrTXE0: Connection refused

(firefox:22612): dconf-CRITICAL **: unable to create file '/home/michal/.cache/dconf/user': Permission denied.  dconf will not work properly.

(firefox:22612): dconf-CRITICAL **: unable to create file '/home/michal/.cache/dconf/user': Permission denied.  dconf will not work properly.

(firefox:22623): GConf-WARNING **: Client failed to connect to the D-BUS daemon:
Failed to connect to socket /tmp/dbus-hE3CCrTXE0: Connection refused

(firefox:22623): dconf-CRITICAL **: unable to create file '/home/michal/.cache/dconf/user': Permission denied.  dconf will not work properly.

(firefox:22623): dconf-CRITICAL **: unable to create file '/home/michal/.cache/dconf/user': Permission denied.  dconf will not work properly.

(firefox:22612): GConf-WARNING **: Client failed to connect to the D-BUS daemon:
Failed to connect to socket /tmp/dbus-hE3CCrTXE0: Connection refused

(firefox:22612): GConf-WARNING **: Client failed to connect to the D-BUS daemon:
Failed to connect to socket /tmp/dbus-hE3CCrTXE0: Connection refused

(firefox:22623): dconf-CRITICAL **: unable to create file '/home/michal/.cache/dconf/user': Permission denied.  dconf will not work properly.

(firefox:22623): dconf-CRITICAL **: unable to create file '/home/michal/.cache/dconf/user': Permission denied.  dconf will not work properly.

(firefox:22612): dconf-CRITICAL **: unable to create file '/home/michal/.cache/dconf/user': Permission denied.  dconf will not work properly.

(firefox:22612): dconf-CRITICAL **: unable to create file '/home/michal/.cache/dconf/user': Permission denied.  dconf will not work properly.

(firefox:22612): dconf-CRITICAL **: unable to create file '/home/michal/.cache/dconf/user': Permission denied.  dconf will not work properly.

(firefox:22612): dconf-CRITICAL **: unable to create file '/home/michal/.cache/dconf/user': Permission denied.  dconf will not work properly.

(firefox:22623): dconf-CRITICAL **: unable to create file '/home/michal/.cache/dconf/user': Permission denied.  dconf will not work properly.

(firefox:22623): dconf-CRITICAL **: unable to create file '/home/michal/.cache/dconf/user': Permission denied.  dconf will not work properly.

(firefox:22612): dconf-CRITICAL **: unable to create file '/home/michal/.cache/dconf/user': Permission denied.  dconf will not work properly.

(firefox:22612): dconf-CRITICAL **: unable to create file '/home/michal/.cache/dconf/user': Permission denied.  dconf will not work properly.

(firefox:22623): dconf-CRITICAL **: unable to create file '/home/michal/.cache/dconf/user': Permission denied.  dconf will not work properly.

(firefox:22623): dconf-CRITICAL **: unable to create file '/home/michal/.cache/dconf/user': Permission denied.  dconf will not work properly.

(firefox:22623): dconf-CRITICAL **: unable to create file '/home/michal/.cache/dconf/user': Permission denied.  dconf will not work properly.

(firefox:22623): dconf-CRITICAL **: unable to create file '/home/michal/.cache/dconf/user': Permission denied.  dconf will not work properly.

(firefox:22612): dconf-CRITICAL **: unable to create file '/home/michal/.cache/dconf/user': Permission denied.  dconf will not work properly.

(firefox:22612): dconf-CRITICAL **: unable to create file '/home/michal/.cache/dconf/user': Permission denied.  dconf will not work properly.

(firefox:22612): dconf-CRITICAL **: unable to create file '/home/michal/.cache/dconf/user': Permission denied.  dconf will not work properly.

(firefox:22612): dconf-CRITICAL **: unable to create file '/home/michal/.cache/dconf/user': Permission denied.  dconf will not work properly.

(firefox:22623): dconf-CRITICAL **: unable to create file '/home/michal/.cache/dconf/user': Permission denied.  dconf will not work properly.

(firefox:22623): dconf-CRITICAL **: unable to create file '/home/michal/.cache/dconf/user': Permission denied.  dconf will not work properly.

(firefox:22612): dconf-CRITICAL **: unable to create file '/home/michal/.cache/dconf/user': Permission denied.  dconf will not work properly.

(firefox:22612): dconf-CRITICAL **: unable to create file '/home/michal/.cache/dconf/user': Permission denied.  dconf will not work properly.

(firefox:22623): dconf-CRITICAL **: unable to create file '/home/michal/.cache/dconf/user': Permission denied.  dconf will not work properly.

(firefox:22623): dconf-CRITICAL **: unable to create file '/home/michal/.cache/dconf/user': Permission denied.  dconf will not work properly.

(firefox:22623): dconf-CRITICAL **: unable to create file '/home/michal/.cache/dconf/user': Permission denied.  dconf will not work properly.

(firefox:22612): dconf-CRITICAL **: unable to create file '/home/michal/.cache/dconf/user': Permission denied.  dconf will not work properly.

(firefox:22612): dconf-CRITICAL **: unable to create file '/home/michal/.cache/dconf/user': Permission denied.  dconf will not work properly.

(firefox:22623): dconf-CRITICAL **: unable to create file '/home/michal/.cache/dconf/user': Permission denied.  dconf will not work properly.

(firefox:22610): GConf-WARNING **: Client failed to connect to the D-BUS daemon:
Failed to connect to socket /tmp/dbus-nurWjTI4E2: Connection refused

(firefox:22608): GConf-WARNING **: Client failed to connect to the D-BUS daemon:
Failed to connect to socket /tmp/dbus-nurWjTI4E2: Connection refused
1479297296594	Marionette	INFO	Listening on port 33972
1479297296596	Marionette	INFO	Listening on port 35455

(firefox:22623): dconf-CRITICAL **: unable to create file '/home/michal/.cache/dconf/user': Permission denied.  dconf will not work properly.

(firefox:22623): dconf-CRITICAL **: unable to create file '/home/michal/.cache/dconf/user': Permission denied.  dconf will not work properly.

(firefox:22612): dconf-CRITICAL **: unable to create file '/home/michal/.cache/dconf/user': Permission denied.  dconf will not work properly.

(firefox:22612): dconf-CRITICAL **: unable to create file '/home/michal/.cache/dconf/user': Permission denied.  dconf will not work properly.

(firefox:22608): dconf-CRITICAL **: unable to create file '/home/michal/.cache/dconf/user': Permission denied.  dconf will not work properly.

(firefox:22608): dconf-CRITICAL **: unable to create file '/home/michal/.cache/dconf/user': Permission denied.  dconf will not work properly.

(firefox:22608): dconf-CRITICAL **: unable to create file '/home/michal/.cache/dconf/user': Permission denied.  dconf will not work properly.

(firefox:22608): dconf-CRITICAL **: unable to create file '/home/michal/.cache/dconf/user': Permission denied.  dconf will not work properly.

(firefox:22610): dconf-CRITICAL **: unable to create file '/home/michal/.cache/dconf/user': Permission denied.  dconf will not work properly.

(firefox:22610): dconf-CRITICAL **: unable to create file '/home/michal/.cache/dconf/user': Permission denied.  dconf will not work properly.

(firefox:22610): dconf-CRITICAL **: unable to create file '/home/michal/.cache/dconf/user': Permission denied.  dconf will not work properly.

(firefox:22610): dconf-CRITICAL **: unable to create file '/home/michal/.cache/dconf/user': Permission denied.  dconf will not work properly.

(firefox:22610): dconf-CRITICAL **: unable to create file '/home/michal/.cache/dconf/user': Permission denied.  dconf will not work properly.

(firefox:22623): dconf-CRITICAL **: unable to create file '/home/michal/.cache/dconf/user': Permission denied.  dconf will not work properly.

(firefox:22623): dconf-CRITICAL **: unable to create file '/home/michal/.cache/dconf/user': Permission denied.  dconf will not work properly.

(firefox:22612): dconf-CRITICAL **: unable to create file '/home/michal/.cache/dconf/user': Permission denied.  dconf will not work properly.

(firefox:22612): dconf-CRITICAL **: unable to create file '/home/michal/.cache/dconf/user': Permission denied.  dconf will not work properly.

(firefox:22623): dconf-CRITICAL **: unable to create file '/home/michal/.cache/dconf/user': Permission denied.  dconf will not work properly.

(firefox:22623): dconf-CRITICAL **: unable to create file '/home/michal/.cache/dconf/user': Permission denied.  dconf will not work properly.

(firefox:22612): dconf-CRITICAL **: unable to create file '/home/michal/.cache/dconf/user': Permission denied.  dconf will not work properly.

(firefox:22612): dconf-CRITICAL **: unable to create file '/home/michal/.cache/dconf/user': Permission denied.  dconf will not work properly.

(firefox:22610): dconf-CRITICAL **: unable to create file '/home/michal/.cache/dconf/user': Permission denied.  dconf will not work properly.

(firefox:22610): dconf-CRITICAL **: unable to create file '/home/michal/.cache/dconf/user': Permission denied.  dconf will not work properly.

(firefox:22612): dconf-CRITICAL **: unable to create file '/home/michal/.cache/dconf/user': Permission denied.  dconf will not work properly.

(firefox:22612): dconf-CRITICAL **: unable to create file '/home/michal/.cache/dconf/user': Permission denied.  dconf will not work properly.

(firefox:22608): dconf-CRITICAL **: unable to create file '/home/michal/.cache/dconf/user': Permission denied.  dconf will not work properly.

(firefox:22608): dconf-CRITICAL **: unable to create file '/home/michal/.cache/dconf/user': Permission denied.  dconf will not work properly.

(firefox:22623): dconf-CRITICAL **: unable to create file '/home/michal/.cache/dconf/user': Permission denied.  dconf will not work properly.

(firefox:22623): dconf-CRITICAL **: unable to create file '/home/michal/.cache/dconf/user': Permission denied.  dconf will not work properly.

(firefox:22610): dconf-CRITICAL **: unable to create file '/home/michal/.cache/dconf/user': Permission denied.  dconf will not work properly.

(firefox:22610): dconf-CRITICAL **: unable to create file '/home/michal/.cache/dconf/user': Permission denied.  dconf will not work properly.

(firefox:22608): dconf-CRITICAL **: unable to create file '/home/michal/.cache/dconf/user': Permission denied.  dconf will not work properly.

(firefox:22608): dconf-CRITICAL **: unable to create file '/home/michal/.cache/dconf/user': Permission denied.  dconf will not work properly.

(firefox:22610): GConf-WARNING **: Client failed to connect to the D-BUS daemon:
Failed to connect to socket /tmp/dbus-bpDxEymJXQ: Connection refused

(firefox:22608): GConf-WARNING **: Client failed to connect to the D-BUS daemon:
Failed to connect to socket /tmp/dbus-bpDxEymJXQ: Connection refused

(firefox:22610): dconf-CRITICAL **: unable to create file '/home/michal/.cache/dconf/user': Permission denied.  dconf will not work properly.

(firefox:22610): dconf-CRITICAL **: unable to create file '/home/michal/.cache/dconf/user': Permission denied.  dconf will not work properly.
JavaScript warning: https://normandy.cdn.mozilla.net/static/bundles/selfrepair-9e26e649d827af164113.a0bc6be53ed8.js, line 7: mutating the [[Prototype]] of an object will cause your code to run very slowly; instead create the object with the correct initial [[Prototype]] value using Object.create

(firefox:22608): dconf-CRITICAL **: unable to create file '/home/michal/.cache/dconf/user': Permission denied.  dconf will not work properly.

(firefox:22608): dconf-CRITICAL **: unable to create file '/home/michal/.cache/dconf/user': Permission denied.  dconf will not work properly.

(firefox:22623): dconf-CRITICAL **: unable to create file '/home/michal/.cache/dconf/user': Permission denied.  dconf will not work properly.

(firefox:22623): dconf-CRITICAL **: unable to create file '/home/michal/.cache/dconf/user': Permission denied.  dconf will not work properly.
JavaScript warning: https://normandy.cdn.mozilla.net/static/bundles/selfrepair-9e26e649d827af164113.a0bc6be53ed8.js, line 7: mutating the [[Prototype]] of an object will cause your code to run very slowly; instead create the object with the correct initial [[Prototype]] value using Object.create

(firefox:22612): dconf-CRITICAL **: unable to create file '/home/michal/.cache/dconf/user': Permission denied.  dconf will not work properly.

(firefox:22612): dconf-CRITICAL **: unable to create file '/home/michal/.cache/dconf/user': Permission denied.  dconf will not work properly.

(firefox:22610): GConf-WARNING **: Client failed to connect to the D-BUS daemon:
Failed to connect to socket /tmp/dbus-bpDxEymJXQ: Connection refused

(firefox:22608): GConf-WARNING **: Client failed to connect to the D-BUS daemon:
Failed to connect to socket /tmp/dbus-bpDxEymJXQ: Connection refused

(firefox:22608): dconf-CRITICAL **: unable to create file '/home/michal/.cache/dconf/user': Permission denied.  dconf will not work properly.

(firefox:22608): dconf-CRITICAL **: unable to create file '/home/michal/.cache/dconf/user': Permission denied.  dconf will not work properly.

(firefox:22608): dconf-CRITICAL **: unable to create file '/home/michal/.cache/dconf/user': Permission denied.  dconf will not work properly.

(firefox:22608): dconf-CRITICAL **: unable to create file '/home/michal/.cache/dconf/user': Permission denied.  dconf will not work properly.

(firefox:22610): dconf-CRITICAL **: unable to create file '/home/michal/.cache/dconf/user': Permission denied.  dconf will not work properly.

(firefox:22610): dconf-CRITICAL **: unable to create file '/home/michal/.cache/dconf/user': Permission denied.  dconf will not work properly.

(firefox:22610): dconf-CRITICAL **: unable to create file '/home/michal/.cache/dconf/user': Permission denied.  dconf will not work properly.

(firefox:22610): dconf-CRITICAL **: unable to create file '/home/michal/.cache/dconf/user': Permission denied.  dconf will not work properly.

(firefox:22612): dconf-CRITICAL **: unable to create file '/home/michal/.cache/dconf/user': Permission denied.  dconf will not work properly.

(firefox:22612): dconf-CRITICAL **: unable to create file '/home/michal/.cache/dconf/user': Permission denied.  dconf will not work properly.

(firefox:22623): dconf-CRITICAL **: unable to create file '/home/michal/.cache/dconf/user': Permission denied.  dconf will not work properly.

(firefox:22623): dconf-CRITICAL **: unable to create file '/home/michal/.cache/dconf/user': Permission denied.  dconf will not work properly.

(firefox:22608): dconf-CRITICAL **: unable to create file '/home/michal/.cache/dconf/user': Permission denied.  dconf will not work properly.

(firefox:22608): dconf-CRITICAL **: unable to create file '/home/michal/.cache/dconf/user': Permission denied.  dconf will not work properly.

(firefox:22610): dconf-CRITICAL **: unable to create file '/home/michal/.cache/dconf/user': Permission denied.  dconf will not work properly.

(firefox:22610): dconf-CRITICAL **: unable to create file '/home/michal/.cache/dconf/user': Permission denied.  dconf will not work properly.

(firefox:22612): GConf-WARNING **: Client failed to connect to the D-BUS daemon:
Failed to connect to socket /tmp/dbus-bpDxEymJXQ: Connection refused

(firefox:22623): GConf-WARNING **: Client failed to connect to the D-BUS daemon:
Failed to connect to socket /tmp/dbus-bpDxEymJXQ: Connection refused

(firefox:22610): dconf-CRITICAL **: unable to create file '/home/michal/.cache/dconf/user': Permission denied.  dconf will not work properly.

(firefox:22610): dconf-CRITICAL **: unable to create file '/home/michal/.cache/dconf/user': Permission denied.  dconf will not work properly.

(firefox:22608): dconf-CRITICAL **: unable to create file '/home/michal/.cache/dconf/user': Permission denied.  dconf will not work properly.

(firefox:22608): dconf-CRITICAL **: unable to create file '/home/michal/.cache/dconf/user': Permission denied.  dconf will not work properly.

(firefox:22608): dconf-CRITICAL **: unable to create file '/home/michal/.cache/dconf/user': Permission denied.  dconf will not work properly.

(firefox:22610): dconf-CRITICAL **: unable to create file '/home/michal/.cache/dconf/user': Permission denied.  dconf will not work properly.

(firefox:22610): dconf-CRITICAL **: unable to create file '/home/michal/.cache/dconf/user': Permission denied.  dconf will not work properly.

(firefox:22608): dconf-CRITICAL **: unable to create file '/home/michal/.cache/dconf/user': Permission denied.  dconf will not work properly.

(firefox:22608): dconf-CRITICAL **: unable to create file '/home/michal/.cache/dconf/user': Permission denied.  dconf will not work properly.

(firefox:22610): dconf-CRITICAL **: unable to create file '/home/michal/.cache/dconf/user': Permission denied.  dconf will not work properly.

(firefox:22610): dconf-CRITICAL **: unable to create file '/home/michal/.cache/dconf/user': Permission denied.  dconf will not work properly.

(firefox:22608): dconf-CRITICAL **: unable to create file '/home/michal/.cache/dconf/user': Permission denied.  dconf will not work properly.

(firefox:22608): dconf-CRITICAL **: unable to create file '/home/michal/.cache/dconf/user': Permission denied.  dconf will not work properly.

(firefox:22610): dconf-CRITICAL **: unable to create file '/home/michal/.cache/dconf/user': Permission denied.  dconf will not work properly.

(firefox:22610): dconf-CRITICAL **: unable to create file '/home/michal/.cache/dconf/user': Permission denied.  dconf will not work properly.

(firefox:22608): dconf-CRITICAL **: unable to create file '/home/michal/.cache/dconf/user': Permission denied.  dconf will not work properly.

(firefox:22608): dconf-CRITICAL **: unable to create file '/home/michal/.cache/dconf/user': Permission denied.  dconf will not work properly.

(firefox:22610): dconf-CRITICAL **: unable to create file '/home/michal/.cache/dconf/user': Permission denied.  dconf will not work properly.

(firefox:22610): dconf-CRITICAL **: unable to create file '/home/michal/.cache/dconf/user': Permission denied.  dconf will not work properly.

(firefox:22608): dconf-CRITICAL **: unable to create file '/home/michal/.cache/dconf/user': Permission denied.  dconf will not work properly.

(firefox:22608): dconf-CRITICAL **: unable to create file '/home/michal/.cache/dconf/user': Permission denied.  dconf will not work properly.

(firefox:22610): dconf-CRITICAL **: unable to create file '/home/michal/.cache/dconf/user': Permission denied.  dconf will not work properly.

(firefox:22610): dconf-CRITICAL **: unable to create file '/home/michal/.cache/dconf/user': Permission denied.  dconf will not work properly.

(firefox:22608): dconf-CRITICAL **: unable to create file '/home/michal/.cache/dconf/user': Permission denied.  dconf will not work properly.

(firefox:22608): dconf-CRITICAL **: unable to create file '/home/michal/.cache/dconf/user': Permission denied.  dconf will not work properly.

(firefox:22610): dconf-CRITICAL **: unable to create file '/home/michal/.cache/dconf/user': Permission denied.  dconf will not work properly.

(firefox:22610): dconf-CRITICAL **: unable to create file '/home/michal/.cache/dconf/user': Permission denied.  dconf will not work properly.

(firefox:22608): dconf-CRITICAL **: unable to create file '/home/michal/.cache/dconf/user': Permission denied.  dconf will not work properly.

(firefox:22608): dconf-CRITICAL **: unable to create file '/home/michal/.cache/dconf/user': Permission denied.  dconf will not work properly.

(firefox:22610): dconf-CRITICAL **: unable to create file '/home/michal/.cache/dconf/user': Permission denied.  dconf will not work properly.

(firefox:22610): dconf-CRITICAL **: unable to create file '/home/michal/.cache/dconf/user': Permission denied.  dconf will not work properly.

(firefox:22608): dconf-CRITICAL **: unable to create file '/home/michal/.cache/dconf/user': Permission denied.  dconf will not work properly.

(firefox:22608): dconf-CRITICAL **: unable to create file '/home/michal/.cache/dconf/user': Permission denied.  dconf will not work properly.
JavaScript warning: https://normandy.cdn.mozilla.net/static/bundles/selfrepair-9e26e649d827af164113.a0bc6be53ed8.js, line 7: mutating the [[Prototype]] of an object will cause your code to run very slowly; instead create the object with the correct initial [[Prototype]] value using Object.create

(firefox:22610): dconf-CRITICAL **: unable to create file '/home/michal/.cache/dconf/user': Permission denied.  dconf will not work properly.

(firefox:22610): dconf-CRITICAL **: unable to create file '/home/michal/.cache/dconf/user': Permission denied.  dconf will not work properly.
JavaScript warning: https://normandy.cdn.mozilla.net/static/bundles/selfrepair-9e26e649d827af164113.a0bc6be53ed8.js, line 7: mutating the [[Prototype]] of an object will cause your code to run very slowly; instead create the object with the correct initial [[Prototype]] value using Object.create

(firefox:22608): dconf-CRITICAL **: unable to create file '/home/michal/.cache/dconf/user': Permission denied.  dconf will not work properly.

(firefox:22608): dconf-CRITICAL **: unable to create file '/home/michal/.cache/dconf/user': Permission denied.  dconf will not work properly.

(firefox:22610): dconf-CRITICAL **: unable to create file '/home/michal/.cache/dconf/user': Permission denied.  dconf will not work properly.

(firefox:22610): dconf-CRITICAL **: unable to create file '/home/michal/.cache/dconf/user': Permission denied.  dconf will not work properly.

(firefox:22608): dconf-CRITICAL **: unable to create file '/home/michal/.cache/dconf/user': Permission denied.  dconf will not work properly.

(firefox:22608): dconf-CRITICAL **: unable to create file '/home/michal/.cache/dconf/user': Permission denied.  dconf will not work properly.

(firefox:22608): GConf-WARNING **: Client failed to connect to the D-BUS daemon:
Failed to connect to socket /tmp/dbus-O2Ykv5zVQ1: Connection refused

(firefox:22610): GConf-WARNING **: Client failed to connect to the D-BUS daemon:
Failed to connect to socket /tmp/dbus-O2Ykv5zVQ1: Connection refused
